2025-07-29 07:03:42,204:DEBUG:certbot._internal.main:certbot version: 4.1.1
2025-07-29 07:03:42,204:DEBUG:certbot._internal.main:Location of certbot entry point: /usr/local/bin/certbot
2025-07-29 07:03:42,204:DEBUG:certbot._internal.main:Arguments: ['--dns-cloudflare', '--dns-cloudflare-credentials', '/etc/letsencrypt/credentials/cloudflare.ini', '--non-interactive', '--agree-tos', '--email', 'volkan.oezdemir@ozfe-digital.de', '-d', '*.ozfe-digital.de', '--config-dir', '/data/certs/letsencrypt', '--work-dir', '/data/certs/work', '--logs-dir', '/data/certs/logs', '--staging']
2025-07-29 07:03:42,204:DEBUG:certbot._internal.main:Discovered plugins: PluginsRegistry(PluginEntryPoint#dns-cloudflare,PluginEntryPoint#manual,PluginEntryPoint#null,PluginEntryPoint#standalone,PluginEntryPoint#webroot)
2025-07-29 07:03:42,637:DEBUG:certbot._internal.log:Root logging level set at 30
2025-07-29 07:03:42,645:DEBUG:certbot._internal.plugins.selection:Requested authenticator dns-cloudflare and installer None
2025-07-29 07:03:42,645:DEBUG:certbot._internal.plugins.selection:Single candidate plugin: * dns-cloudflare
Description: Obtain certificates using a DNS TXT record (if you are using Cloudflare for DNS).
Interfaces: Authenticator, Plugin
Entry point: EntryPoint(name='dns-cloudflare', value='certbot_dns_cloudflare._internal.dns_cloudflare:Authenticator', group='certbot.plugins')
Initialized: <certbot_dns_cloudflare._internal.dns_cloudflare.Authenticator object at 0x7f9778f617d0>
Prep: True
2025-07-29 07:03:42,646:DEBUG:certbot._internal.plugins.selection:Selected authenticator <certbot_dns_cloudflare._internal.dns_cloudflare.Authenticator object at 0x7f9778f617d0> and installer None
2025-07-29 07:03:42,646:INFO:certbot._internal.plugins.selection:Plugins selected: Authenticator dns-cloudflare, Installer None
2025-07-29 07:03:42,693:DEBUG:certbot._internal.main:Picked account: <Account(RegistrationResource(body=Registration(key=None, contact=(), agreement=None, status=None, terms_of_service_agreed=None, only_return_existing=None, external_account_binding=None), uri='https://acme-staging-v02.api.letsencrypt.org/acme/acct/216619074', new_authzr_uri=None, terms_of_service=None), 4c13e0e3cfd3d946642c1a10559ef703, Meta(creation_dt=datetime.datetime(2025, 7, 29, 5, 56, 56, tzinfo=datetime.timezone.utc), creation_host='ebc0f7b7a397', register_to_eff=None))>
2025-07-29 07:03:42,695:DEBUG:acme.client:Sending GET request to https://acme-staging-v02.api.letsencrypt.org/directory.
2025-07-29 07:03:42,697:DEBUG:urllib3.connectionpool:Starting new HTTPS connection (1): acme-staging-v02.api.letsencrypt.org:443
2025-07-29 07:03:43,222:DEBUG:urllib3.connectionpool:https://acme-staging-v02.api.letsencrypt.org:443 "GET /directory HTTP/1.1" 200 1069
2025-07-29 07:03:43,224:DEBUG:acme.client:Received response:
HTTP 200
Server: nginx
Date: Tue, 29 Jul 2025 07:03:43 GMT
Content-Type: application/json
Content-Length: 1069
Connection: keep-alive
Cache-Control: public, max-age=0, no-cache
X-Frame-Options: DENY
Strict-Transport-Security: max-age=604800

{
  "keyChange": "https://acme-staging-v02.api.letsencrypt.org/acme/key-change",
  "meta": {
    "caaIdentities": [
      "letsencrypt.org"
    ],
    "profiles": {
      "classic": "https://letsencrypt.org/docs/profiles#classic",
      "shortlived": "https://letsencrypt.org/docs/profiles#shortlived (not yet generally available)",
      "tlsserver": "https://letsencrypt.org/docs/profiles#tlsserver"
    },
    "termsOfService": "https://letsencrypt.org/documents/LE-SA-v1.5-February-24-2025.pdf",
    "website": "https://letsencrypt.org/docs/staging-environment/"
  },
  "newAccount": "https://acme-staging-v02.api.letsencrypt.org/acme/new-acct",
  "newNonce": "https://acme-staging-v02.api.letsencrypt.org/acme/new-nonce",
  "newOrder": "https://acme-staging-v02.api.letsencrypt.org/acme/new-order",
  "renewalInfo": "https://acme-staging-v02.api.letsencrypt.org/acme/renewal-info",
  "revokeCert": "https://acme-staging-v02.api.letsencrypt.org/acme/revoke-cert",
  "u8aPMC4uJ8k": "https://community.letsencrypt.org/t/adding-random-entries-to-the-directory/33417"
}
2025-07-29 07:03:43,233:DEBUG:certbot._internal.cert_manager:Renewal conf file /data/certs/letsencrypt/renewal/ozfe-digital.de-0001.conf is broken. Skipping.
2025-07-29 07:03:43,235:DEBUG:certbot._internal.cert_manager:Traceback was:
Traceback (most recent call last):
  File "/usr/local/lib/python3.11/site-packages/certbot/_internal/cert_manager.py", line 421, in _search_lineages
    candidate_lineage = storage.RenewableCert(renewal_file, cli_config)
                        ^^^^^^^^^^^^^^^^^^^^^^^^^^^^^^^^^^^^^^^^^^^^^^^
  File "/usr/local/lib/python3.11/site-packages/certbot/_internal/storage.py", line 491, in __init__
    self._check_symlinks()
  File "/usr/local/lib/python3.11/site-packages/certbot/_internal/storage.py", line 570, in _check_symlinks
    raise errors.CertStorageError(
certbot.errors.CertStorageError: expected /data/certs/letsencrypt/live/ozfe-digital.de-0001/cert.pem to be a symlink

2025-07-29 07:03:43,240:DEBUG:certbot._internal.cert_manager:Renewal conf file /data/certs/letsencrypt/renewal/ozfe-digital.de.conf is broken. Skipping.
2025-07-29 07:03:43,240:DEBUG:certbot._internal.cert_manager:Traceback was:
Traceback (most recent call last):
  File "/usr/local/lib/python3.11/site-packages/certbot/_internal/cert_manager.py", line 421, in _search_lineages
    candidate_lineage = storage.RenewableCert(renewal_file, cli_config)
                        ^^^^^^^^^^^^^^^^^^^^^^^^^^^^^^^^^^^^^^^^^^^^^^^
  File "/usr/local/lib/python3.11/site-packages/certbot/_internal/storage.py", line 491, in __init__
    self._check_symlinks()
  File "/usr/local/lib/python3.11/site-packages/certbot/_internal/storage.py", line 570, in _check_symlinks
    raise errors.CertStorageError(
certbot.errors.CertStorageError: expected /data/certs/letsencrypt/live/ozfe-digital.de/cert.pem to be a symlink

2025-07-29 07:03:43,242:DEBUG:certbot._internal.display.obj:Notifying user: Requesting a certificate for *.ozfe-digital.de
2025-07-29 07:03:43,247:DEBUG:acme.client:Requesting fresh nonce
2025-07-29 07:03:43,247:DEBUG:acme.client:Sending HEAD request to https://acme-staging-v02.api.letsencrypt.org/acme/new-nonce.
2025-07-29 07:03:43,401:DEBUG:urllib3.connectionpool:https://acme-staging-v02.api.letsencrypt.org:443 "HEAD /acme/new-nonce HTTP/1.1" 200 0
2025-07-29 07:03:43,402:DEBUG:acme.client:Received response:
HTTP 200
Server: nginx
Date: Tue, 29 Jul 2025 07:03:43 GMT
Connection: keep-alive
Cache-Control: public, max-age=0, no-cache
Link: <https://acme-staging-v02.api.letsencrypt.org/directory>;rel="index"
Replay-Nonce: dzwJDxWSh9Qj_9_SgPqRhPSjjL-zC_thdBCx5ciLL7ovm5MT6eo
X-Frame-Options: DENY
Strict-Transport-Security: max-age=604800


2025-07-29 07:03:43,403:DEBUG:acme.client:Storing nonce: dzwJDxWSh9Qj_9_SgPqRhPSjjL-zC_thdBCx5ciLL7ovm5MT6eo
2025-07-29 07:03:43,404:DEBUG:acme.client:JWS payload:
b'{\n  "identifiers": [\n    {\n      "type": "dns",\n      "value": "*.ozfe-digital.de"\n    }\n  ]\n}'
2025-07-29 07:03:43,407:DEBUG:acme.client:Sending POST request to https://acme-staging-v02.api.letsencrypt.org/acme/new-order:
{
  "protected": "eyJhbGciOiAiUlMyNTYiLCAia2lkIjogImh0dHBzOi8vYWNtZS1zdGFnaW5nLXYwMi5hcGkubGV0c2VuY3J5cHQub3JnL2FjbWUvYWNjdC8yMTY2MTkwNzQiLCAibm9uY2UiOiAiZHp3SkR4V1NoOVFqXzlfU2dQcVJoUFNqakwtekNfdGhkQkN4NWNpTEw3b3ZtNU1UNmVvIiwgInVybCI6ICJodHRwczovL2FjbWUtc3RhZ2luZy12MDIuYXBpLmxldHNlbmNyeXB0Lm9yZy9hY21lL25ldy1vcmRlciJ9",
  "signature": "gHtrQhsmxL7pAnfANIcuA9hEy9ng3rHuODTLL4LUq3yuy0JMvA2G6wjsoPDJm1nyrW2pcN7IfhICq8GVFZqTCEmqjWfTMS_Qi7fNgwSs4xQorh5i47dGqhjjqqhpAYhQnBT35MbhLThL66-ghU1jugFHB4W_Zl7VOfdzBpUc7M_LQXIxZN_X3hRReQ7IyG2HKEyHxvM4_WFF6GzdTTTrsUTLLmfsv3JPdatNtRxDTh4iHUVmvUxs7mfm-xJkmJKoVW_gOBzvNN86Bjip0ODSuIJO9njy9eTor00WglBiGw5mYZs74NR7xc6ke5p1kw4DtFu8FSWsWeJNgnDzvGtbSg",
  "payload": "ewogICJpZGVudGlmaWVycyI6IFsKICAgIHsKICAgICAgInR5cGUiOiAiZG5zIiwKICAgICAgInZhbHVlIjogIioub3pmZS1kaWdpdGFsLmRlIgogICAgfQogIF0KfQ"
}
2025-07-29 07:03:43,567:DEBUG:urllib3.connectionpool:https://acme-staging-v02.api.letsencrypt.org:443 "POST /acme/new-order HTTP/1.1" 201 361
2025-07-29 07:03:43,568:DEBUG:acme.client:Received response:
HTTP 201
Server: nginx
Date: Tue, 29 Jul 2025 07:03:43 GMT
Content-Type: application/json
Content-Length: 361
Connection: keep-alive
Boulder-Requester: 216619074
Cache-Control: public, max-age=0, no-cache
Link: <https://acme-staging-v02.api.letsencrypt.org/directory>;rel="index"
Location: https://acme-staging-v02.api.letsencrypt.org/acme/order/216619074/26348911494
Replay-Nonce: FDZk2QpNGJAH-YzVUv021xJSPU0-cNubWGiaEPervQlsg0z8mJ4
X-Frame-Options: DENY
Strict-Transport-Security: max-age=604800

{
  "status": "ready",
  "expires": "2025-08-05T07:03:43Z",
  "identifiers": [
    {
      "type": "dns",
      "value": "*.ozfe-digital.de"
    }
  ],
  "authorizations": [
    "https://acme-staging-v02.api.letsencrypt.org/acme/authz/216619074/18708138954"
  ],
  "finalize": "https://acme-staging-v02.api.letsencrypt.org/acme/finalize/216619074/26348911494"
}
2025-07-29 07:03:43,569:DEBUG:acme.client:Storing nonce: FDZk2QpNGJAH-YzVUv021xJSPU0-cNubWGiaEPervQlsg0z8mJ4
2025-07-29 07:03:43,570:DEBUG:acme.client:JWS payload:
b''
2025-07-29 07:03:43,571:DEBUG:acme.client:Sending POST request to https://acme-staging-v02.api.letsencrypt.org/acme/authz/216619074/18708138954:
{
  "protected": "eyJhbGciOiAiUlMyNTYiLCAia2lkIjogImh0dHBzOi8vYWNtZS1zdGFnaW5nLXYwMi5hcGkubGV0c2VuY3J5cHQub3JnL2FjbWUvYWNjdC8yMTY2MTkwNzQiLCAibm9uY2UiOiAiRkRaazJRcE5HSkFILVl6VlV2MDIxeEpTUFUwLWNOdWJXR2lhRVBlcnZRbHNnMHo4bUo0IiwgInVybCI6ICJodHRwczovL2FjbWUtc3RhZ2luZy12MDIuYXBpLmxldHNlbmNyeXB0Lm9yZy9hY21lL2F1dGh6LzIxNjYxOTA3NC8xODcwODEzODk1NCJ9",
  "signature": "gQpp-7pU0VaWBOmYJjN663BegyJWJ35rCpZETaHE1D4HWj_gEhdZZc4c-Fk68XPrO1LeghlnXEmUSKYxxerwf_lfBltF8H6jCkDRcUENWLRIgygx89TytIlgT73uycfxmtQ5EEf1Ad3DDndsUyx2oaQ7GCp4Dy0WPeQxV65DBJZrKg8CKsMgp8qIBBkiE9S7B1qcIn5QuLMEdDAN7W7heFYU6AwFj7K0FYS_E1UnOcZxG83NiSvoIYA817GmNdwvEa-B1Me-5-GSVO0V8HMWK7MTTc_X_g7Z7J5KiY47hdRFaedotIKWENyA2KLYN8r_LtQvMq7vhJI6R5yocQ7ZZg",
  "payload": ""
}
2025-07-29 07:03:43,727:DEBUG:urllib3.connectionpool:https://acme-staging-v02.api.letsencrypt.org:443 "POST /acme/authz/216619074/18708138954 HTTP/1.1" 200 568
2025-07-29 07:03:43,729:DEBUG:acme.client:Received response:
HTTP 200
Server: nginx
Date: Tue, 29 Jul 2025 07:03:43 GMT
Content-Type: application/json
Content-Length: 568
Connection: keep-alive
Boulder-Requester: 216619074
Cache-Control: public, max-age=0, no-cache
Link: <https://acme-staging-v02.api.letsencrypt.org/directory>;rel="index"
Replay-Nonce: dzwJDxWSOWl4Z_v581JgChBJQxVKsuPiTbKRMD00HUc57S-CW3w
X-Frame-Options: DENY
Strict-Transport-Security: max-age=604800

{
  "identifier": {
    "type": "dns",
    "value": "ozfe-digital.de"
  },
  "status": "valid",
  "expires": "2025-08-28T05:57:11Z",
  "challenges": [
    {
      "type": "dns-01",
      "url": "https://acme-staging-v02.api.letsencrypt.org/acme/chall/216619074/18708138954/flkKog",
      "status": "valid",
      "validated": "2025-07-29T05:57:11Z",
      "token": "T3NlD1DfAGkc0waVBB6Otr4QbaO4xtBBzQm3Jvr8KNo",
      "validationRecord": [
        {
          "hostname": "ozfe-digital.de",
          "addressUsed": ""
        }
      ]
    }
  ],
  "wildcard": true
}
2025-07-29 07:03:43,729:DEBUG:acme.client:Storing nonce: dzwJDxWSOWl4Z_v581JgChBJQxVKsuPiTbKRMD00HUc57S-CW3w
2025-07-29 07:03:43,730:DEBUG:certbot._internal.client:CSR: CSR(file=None, data=b'-----BEGIN CERTIFICATE REQUEST-----\nMIHpMIGRAgEAMAAwWTATBgcqhkjOPQIBBggqhkjOPQMBBwNCAAQ2qP3swAh8sQxc\nd1ne7h4mipb13djciwYRbAsikmc0VwqjQyQfFN/QeAghuStoAbLrUTDi1IQnmPls\nlhyZ3WJxoC8wLQYJKoZIhvcNAQkOMSAwHjAcBgNVHREEFTATghEqLm96ZmUtZGln\naXRhbC5kZTAKBggqhkjOPQQDAgNHADBEAiBrl9/V1NDszk83ExqDmwcwukQOoa/I\nyUPoUZJOuAiKpAIgGPHupzSlnMTNUqdP8Y5mAZQqWsBpZ8a1p7DbLA3y+DQ=\n-----END CERTIFICATE REQUEST-----\n', form='pem')
2025-07-29 07:03:43,731:DEBUG:certbot._internal.client:Will poll for certificate issuance until 2025-07-29 07:05:13.731371
2025-07-29 07:03:43,731:DEBUG:acme.client:JWS payload:
b'{\n  "csr": "MIHpMIGRAgEAMAAwWTATBgcqhkjOPQIBBggqhkjOPQMBBwNCAAQ2qP3swAh8sQxcd1ne7h4mipb13djciwYRbAsikmc0VwqjQyQfFN_QeAghuStoAbLrUTDi1IQnmPlslhyZ3WJxoC8wLQYJKoZIhvcNAQkOMSAwHjAcBgNVHREEFTATghEqLm96ZmUtZGlnaXRhbC5kZTAKBggqhkjOPQQDAgNHADBEAiBrl9_V1NDszk83ExqDmwcwukQOoa_IyUPoUZJOuAiKpAIgGPHupzSlnMTNUqdP8Y5mAZQqWsBpZ8a1p7DbLA3y-DQ"\n}'
2025-07-29 07:03:43,732:DEBUG:acme.client:Sending POST request to https://acme-staging-v02.api.letsencrypt.org/acme/finalize/216619074/26348911494:
{
  "protected": "eyJhbGciOiAiUlMyNTYiLCAia2lkIjogImh0dHBzOi8vYWNtZS1zdGFnaW5nLXYwMi5hcGkubGV0c2VuY3J5cHQub3JnL2FjbWUvYWNjdC8yMTY2MTkwNzQiLCAibm9uY2UiOiAiZHp3SkR4V1NPV2w0Wl92NTgxSmdDaEJKUXhWS3N1UGlUYktSTUQwMEhVYzU3Uy1DVzN3IiwgInVybCI6ICJodHRwczovL2FjbWUtc3RhZ2luZy12MDIuYXBpLmxldHNlbmNyeXB0Lm9yZy9hY21lL2ZpbmFsaXplLzIxNjYxOTA3NC8yNjM0ODkxMTQ5NCJ9",
  "signature": "KiKz3XvhGE5fqGt1_cjyP53o7_91Eb9chpCbJGHTiu6GvsI093SU8UMTvv5ihLm3MXe2NRIrxhLt4H2ZMxRyRIoiOvr4Mnd3hKDMRqpGD4WffKwU3sRp-i3aWOl_urSvl0gd6u3l_AiKAsevW1pbWfNc-uRI3-y9AHh7Jm3_l9yi_NTsDxgBW-FOfhP2ZXxnr4UOq2rtllGsQXxqsf0d6-XQB1xNgie-uw9BhvR9NXUo7ql_uljt3p59H4hrdIwsgmJmXTG1JfVbWS_-njxh47ehGxqTyPJk2I801BASoVEDRR-Tz_C68N_iT8NKVUCkusTEgyQDZ2-KNFvCESYBzA",
  "payload": "ewogICJjc3IiOiAiTUlIcE1JR1JBZ0VBTUFBd1dUQVRCZ2NxaGtqT1BRSUJCZ2dxaGtqT1BRTUJCd05DQUFRMnFQM3N3QWg4c1F4Y2QxbmU3aDRtaXBiMTNkamNpd1lSYkFzaWttYzBWd3FqUXlRZkZOX1FlQWdodVN0b0FiTHJVVERpMUlRbm1QbHNsaHlaM1dKeG9DOHdMUVlKS29aSWh2Y05BUWtPTVNBd0hqQWNCZ05WSFJFRUZUQVRnaEVxTG05NlptVXRaR2xuYVhSaGJDNWtaVEFLQmdncWhrak9QUVFEQWdOSEFEQkVBaUJybDlfVjFORHN6azgzRXhxRG13Y3d1a1FPb2FfSXlVUG9VWkpPdUFpS3BBSWdHUEh1cHpTbG5NVE5VcWRQOFk1bUFaUXFXc0JwWjhhMXA3RGJMQTN5LURRIgp9"
}
2025-07-29 07:03:43,891:DEBUG:urllib3.connectionpool:https://acme-staging-v02.api.letsencrypt.org:443 "POST /acme/finalize/216619074/26348911494 HTTP/1.1" 200 366
2025-07-29 07:03:43,893:DEBUG:acme.client:Received response:
HTTP 200
Server: nginx
Date: Tue, 29 Jul 2025 07:03:43 GMT
Content-Type: application/json
Content-Length: 366
Connection: keep-alive
Boulder-Requester: 216619074
Cache-Control: public, max-age=0, no-cache
Link: <https://acme-staging-v02.api.letsencrypt.org/directory>;rel="index"
Location: https://acme-staging-v02.api.letsencrypt.org/acme/order/216619074/26348911494
Replay-Nonce: FDZk2QpNs7IWSGA22fCpwGZxk1NROapjdDqv4kzBWN0kSNvNe20
Retry-After: 3
X-Frame-Options: DENY
Strict-Transport-Security: max-age=604800

{
  "status": "processing",
  "expires": "2025-08-05T07:03:43Z",
  "identifiers": [
    {
      "type": "dns",
      "value": "*.ozfe-digital.de"
    }
  ],
  "authorizations": [
    "https://acme-staging-v02.api.letsencrypt.org/acme/authz/216619074/18708138954"
  ],
  "finalize": "https://acme-staging-v02.api.letsencrypt.org/acme/finalize/216619074/26348911494"
}
2025-07-29 07:03:43,894:DEBUG:acme.client:Storing nonce: FDZk2QpNs7IWSGA22fCpwGZxk1NROapjdDqv4kzBWN0kSNvNe20
2025-07-29 07:03:44,895:DEBUG:acme.client:JWS payload:
b''
2025-07-29 07:03:44,897:DEBUG:acme.client:Sending POST request to https://acme-staging-v02.api.letsencrypt.org/acme/order/216619074/26348911494:
{
  "protected": "eyJhbGciOiAiUlMyNTYiLCAia2lkIjogImh0dHBzOi8vYWNtZS1zdGFnaW5nLXYwMi5hcGkubGV0c2VuY3J5cHQub3JnL2FjbWUvYWNjdC8yMTY2MTkwNzQiLCAibm9uY2UiOiAiRkRaazJRcE5zN0lXU0dBMjJmQ3B3R1p4azFOUk9hcGpkRHF2NGt6QldOMGtTTnZOZTIwIiwgInVybCI6ICJodHRwczovL2FjbWUtc3RhZ2luZy12MDIuYXBpLmxldHNlbmNyeXB0Lm9yZy9hY21lL29yZGVyLzIxNjYxOTA3NC8yNjM0ODkxMTQ5NCJ9",
  "signature": "t6sr2qITnY6SrYSh8rrcjd29SEMD0jRTS_sjkEZxS_Nk1W3skBBmywNoLXdiHfTrl7QtfVNQgHyXp88o8JDCmjCHLvqipBhfxWQo6pDYl2HZ2p2UbIMPXMq1XNh-YWpOnR67kHimC5ig7H2E5_yT6-w-Ob0E60-ox3f5x1clmiVB5WSbUh9N7JLo8FPdfjuKFj5iWpc34IzGLm2OZb7owM02LPvyzvJCDfy_uy_stiTvxIWIOewc1cboCIAIg60QYZrSrZ2L85gVtxriNeh1RZzj4_Ig8kpwjsy2WP_yqoxgxPtMcvgoD-LVILqwoEWWmZ667NI7eyRYchCn99VxGg",
  "payload": ""
}
2025-07-29 07:03:45,054:DEBUG:urllib3.connectionpool:https://acme-staging-v02.api.letsencrypt.org:443 "POST /acme/order/216619074/26348911494 HTTP/1.1" 200 473
2025-07-29 07:03:45,056:DEBUG:acme.client:Received response:
HTTP 200
Server: nginx
Date: Tue, 29 Jul 2025 07:03:45 GMT
Content-Type: application/json
Content-Length: 473
Connection: keep-alive
Cache-Control: public, max-age=0, no-cache
Link: <https://acme-staging-v02.api.letsencrypt.org/directory>;rel="index"
Location: https://acme-staging-v02.api.letsencrypt.org/acme/order/216619074/26348911494
Replay-Nonce: dzwJDxWS7Bu49YrFSX8bLY_LhhQt5GEgGRIkxZ40EeV8DagQy9w
X-Frame-Options: DENY
Strict-Transport-Security: max-age=604800

{
  "status": "valid",
  "expires": "2025-08-05T07:03:43Z",
  "identifiers": [
    {
      "type": "dns",
      "value": "*.ozfe-digital.de"
    }
  ],
  "authorizations": [
    "https://acme-staging-v02.api.letsencrypt.org/acme/authz/216619074/18708138954"
  ],
  "finalize": "https://acme-staging-v02.api.letsencrypt.org/acme/finalize/216619074/26348911494",
  "certificate": "https://acme-staging-v02.api.letsencrypt.org/acme/cert/2cb2292d679fd647efafc7ed89c2618fb39e"
}
2025-07-29 07:03:45,057:DEBUG:acme.client:Storing nonce: dzwJDxWS7Bu49YrFSX8bLY_LhhQt5GEgGRIkxZ40EeV8DagQy9w
2025-07-29 07:03:45,058:DEBUG:acme.client:JWS payload:
b''
2025-07-29 07:03:45,059:DEBUG:acme.client:Sending POST request to https://acme-staging-v02.api.letsencrypt.org/acme/cert/2cb2292d679fd647efafc7ed89c2618fb39e:
{
  "protected": "eyJhbGciOiAiUlMyNTYiLCAia2lkIjogImh0dHBzOi8vYWNtZS1zdGFnaW5nLXYwMi5hcGkubGV0c2VuY3J5cHQub3JnL2FjbWUvYWNjdC8yMTY2MTkwNzQiLCAibm9uY2UiOiAiZHp3SkR4V1M3QnU0OVlyRlNYOGJMWV9MaGhRdDVHRWdHUklreFo0MEVlVjhEYWdReTl3IiwgInVybCI6ICJodHRwczovL2FjbWUtc3RhZ2luZy12MDIuYXBpLmxldHNlbmNyeXB0Lm9yZy9hY21lL2NlcnQvMmNiMjI5MmQ2NzlmZDY0N2VmYWZjN2VkODljMjYxOGZiMzllIn0",
  "signature": "MGp50kis787Epsai75uPucDMMO-e8XWIHuvoTv5tJ0L3CthixP_-klMAZcE5a964LxAYm-2k8J_AMGkopmiuOpT3reObEX0bAzWvvs1sBdhf3UkYKqPHwh4FBEOuHmcnv5R4g-7mjzjtYNIWJKEXZU6XbzjwKXytWS5Ws06xwLGEQdKoDdlegsQV7lxuwsTPXBeBHA5uz1BUn2ZyngfzKSDdpYTbacgAP-W1I1845o1JPrLbul2EpYCdTlQWSHnBGD3XSlDdroXw54kk2nGiYx59-M6x1PrdopIl9-scbZGx58qyVm3Nt7doVn4ffh7vnSTkbfYmjCMFWvvUeGstkw",
  "payload": ""
}
2025-07-29 07:03:45,219:DEBUG:urllib3.connectionpool:https://acme-staging-v02.api.letsencrypt.org:443 "POST /acme/cert/2cb2292d679fd647efafc7ed89c2618fb39e HTTP/1.1" 200 3002
2025-07-29 07:03:45,221:DEBUG:acme.client:Received response:
HTTP 200
Server: nginx
Date: Tue, 29 Jul 2025 07:03:45 GMT
Content-Type: application/pem-certificate-chain
Content-Length: 3002
Connection: keep-alive
Cache-Control: public, max-age=0, no-cache
Link: <https://acme-staging-v02.api.letsencrypt.org/directory>;rel="index", <https://acme-staging-v02.api.letsencrypt.org/acme/cert/2cb2292d679fd647efafc7ed89c2618fb39e/1>;rel="alternate"
Replay-Nonce: dzwJDxWS1pqwPn5UB39lLg_hJwYN7DFBNHuEXZywUbyBJka2I9k
X-Frame-Options: DENY
Strict-Transport-Security: max-age=604800

-----BEGIN CERTIFICATE-----
MIIDuDCCAz6gAwIBAgISLLIpLWef1kfvr8fticJhj7OeMAoGCCqGSM49BAMDMFMx
CzAJBgNVBAYTAlVTMSAwHgYDVQQKExcoU1RBR0lORykgTGV0J3MgRW5jcnlwdDEi
MCAGA1UEAxMZKFNUQUdJTkcpIEZhbHNlIEZlbm5lbCBFNjAeFw0yNTA3MjkwNjA1
MTNaFw0yNTEwMjcwNjA1MTJaMBwxGjAYBgNVBAMMESoub3pmZS1kaWdpdGFsLmRl
MFkwEwYHKoZIzj0CAQYIKoZIzj0DAQcDQgAENqj97MAIfLEMXHdZ3u4eJoqW9d3Y
3IsGEWwLIpJnNFcKo0MkHxTf0HgIIbkraAGy61Ew4tSEJ5j5bJYcmd1icaOCAicw
ggIjMA4GA1UdDwEB/wQEAwIHgDAdBgNVHSUEFjAUBggrBgEFBQcDAQYIKwYBBQUH
AwIwDAYDVR0TAQH/BAIwADAdBgNVHQ4EFgQUNI7Eq1eciEfMqsVIFnw1c3HOwKww
HwYDVR0jBBgwFoAUoXQaBm1Qt4YtSizBfrSNiElszRYwNgYIKwYBBQUHAQEEKjAo
MCYGCCsGAQUFBzAChhpodHRwOi8vc3RnLWU2LmkubGVuY3Iub3JnLzAcBgNVHREE
FTATghEqLm96ZmUtZGlnaXRhbC5kZTATBgNVHSAEDDAKMAgGBmeBDAECATAxBgNV
HR8EKjAoMCagJKAihiBodHRwOi8vc3RnLWU2LmMubGVuY3Iub3JnLzMxLmNybDCC
AQQGCisGAQQB1nkCBAIEgfUEgfIA8AB1AAiYJEsCx59rayfMTpU2oe1ANlQhmseK
wXiVcpw+ToyHAAABmFT+iDgAAAQDAEYwRAIgbBI2WB92brya+e5PYSq4D3cz1F93
F70qZN4AI36bU30CIE5I/LO4ynnEb0fwrPScUDF6RtSZ9v/4AddbXvcAdLCaAHcA
KHYaGJAn++880NYaAY12sFBXKcenQRvMvfYE9F1CYVMAAAGYVP6IWwAABAMASDBG
AiEA2yHK1FRuPJUbgVjUpKJK8pu1xpBxncOTeltVuEmWLEACIQCQ0z+dHPhjSajf
nMk09EMQGG/5m+mzLP3biFxn+TClwDAKBggqhkjOPQQDAwNoADBlAjEA0JLGlKsy
ixigWktrlNgKcgEAq4w5ebWoIRLK8JfxZcuLDbtw2X8rOsd1+PUHDnObAjBrPB0O
OuekJwG/hzCjy8r/Dd8JTIQrKjlIjBw7B1xys9Krmeh4t4xethAfr3foyZU=
-----END CERTIFICATE-----

-----BEGIN CERTIFICATE-----
MIIElzCCAn+gAwIBAgIQJtklZLQLsngwp0DD4clbajANBgkqhkiG9w0BAQsFADBm
MQswCQYDVQQGEwJVUzEzMDEGA1UEChMqKFNUQUdJTkcpIEludGVybmV0IFNlY3Vy
aXR5IFJlc2VhcmNoIEdyb3VwMSIwIAYDVQQDExkoU1RBR0lORykgUHJldGVuZCBQ
ZWFyIFgxMB4XDTI0MDMxMzAwMDAwMFoXDTI3MDMxMjIzNTk1OVowUzELMAkGA1UE
BhMCVVMxIDAeBgNVBAoTFyhTVEFHSU5HKSBMZXQncyBFbmNyeXB0MSIwIAYDVQQD
ExkoU1RBR0lORykgRmFsc2UgRmVubmVsIEU2MHYwEAYHKoZIzj0CAQYFK4EEACID
YgAE7mIshEAbfnZhXHmCLThagBq8wNKY84YkUynY83vBo8FGIFdBQ7xQV3NrPkhi
dMXyW4aQcADxF/skAnZAsvnjxR+oCnYZAtBXgeE+WFA6FE7/fr/ecbTglsAgp59e
ADZDo4IBADCB/TAOBgNVHQ8BAf8EBAMCAYYwHQYDVR0lBBYwFAYIKwYBBQUHAwIG
CCsGAQUFBwMBMBIGA1UdEwEB/wQIMAYBAf8CAQAwHQYDVR0OBBYEFKF0GgZtULeG
LUoswX60jYhJbM0WMB8GA1UdIwQYMBaAFLXzZfL+sAqSH/s8ffNEoKxjJcMUMDYG
CCsGAQUFBwEBBCowKDAmBggrBgEFBQcwAoYaaHR0cDovL3N0Zy14MS5pLmxlbmNy
Lm9yZy8wEwYDVR0gBAwwCjAIBgZngQwBAgEwKwYDVR0fBCQwIjAgoB6gHIYaaHR0
cDovL3N0Zy14MS5jLmxlbmNyLm9yZy8wDQYJKoZIhvcNAQELBQADggIBAFGjOrc+
GlZYCuxNKS9u+4l6pDux++Cg3FX3hR0QhCZPKORxnua9dJlles5NBcIf5W1Y2OW7
1El+oq+0cCS39bqfG3d+9sRbqnLlqB9xysRfpGPmY2IRQ4YFurIzurFw/TshoGGw
L74VtBgmxeO1fhP8OWJfnMB3EILdz6hxEqbQtCmU/2ejQTQEK6cQtBj33a+MUI7i
YnRP+OTL1M81tmZRkUWY7WItMGDPIabhXfHqvqYXh0huxqUDls0VjC52xpiK6e2F
+ZxouwmBwQlxSL9pJWMvhRGJdFCIBulQPm/0tbt2seBxkFKWIYmouDh+28swkTSl
f8mV0KGmEVmPka5CQkgSg4btNHUoZ1xwt++f4N12AapSfPDYVyJ69c9fw+kbFTFa
9G1keN75SIJovWWhy4XUEcGkInDM4GyyEff1kpeEeZaOQZe2UojnptfmqLf0qDj6
n02ABUdDiHhQT7Za634b0pxKAPXW2pSFflrGZc2e+pKpIG4ui/80uq8AGybeHda1
Dl7iS2Msv4wpBii4j1Qs8gXAb7yI9ozS2weCmu5oqDN4SnYZBYoirT8seUia62aw
XMVzkkQUsjRQz2oqQsTUZxtDuIU0VCNYPY0UgeSLjdzo+cUIbaoO6M8rAK42tq/1
jJ+0RltUFPHxLXxi0LIAV0tFJxEJVUbpv7Nt
-----END CERTIFICATE-----

2025-07-29 07:03:45,222:DEBUG:acme.client:Storing nonce: dzwJDxWS1pqwPn5UB39lLg_hJwYN7DFBNHuEXZywUbyBJka2I9k
2025-07-29 07:03:45,223:INFO:certbot._internal.client:Non-standard path(s), might not work with crontab installed by your operating system package manager
2025-07-29 07:03:45,234:DEBUG:certbot._internal.storage:Creating directory /data/certs/letsencrypt/archive/ozfe-digital.de-0002.
2025-07-29 07:03:45,236:DEBUG:certbot._internal.storage:Creating directory /data/certs/letsencrypt/live/ozfe-digital.de-0002.
2025-07-29 07:03:45,243:DEBUG:certbot._internal.storage:Writing certificate to /data/certs/letsencrypt/live/ozfe-digital.de-0002/cert.pem.
2025-07-29 07:03:45,247:DEBUG:certbot._internal.storage:Writing private key to /data/certs/letsencrypt/live/ozfe-digital.de-0002/privkey.pem.
2025-07-29 07:03:45,274:DEBUG:certbot._internal.storage:Writing chain to /data/certs/letsencrypt/live/ozfe-digital.de-0002/chain.pem.
2025-07-29 07:03:45,280:DEBUG:certbot._internal.storage:Writing full chain to /data/certs/letsencrypt/live/ozfe-digital.de-0002/fullchain.pem.
2025-07-29 07:03:45,283:DEBUG:certbot._internal.storage:Writing README to /data/certs/letsencrypt/live/ozfe-digital.de-0002/README.
2025-07-29 07:03:45,288:DEBUG:certbot.configuration:Var account=4c13e0e3cfd3d946642c1a10559ef703 (set by user).
2025-07-29 07:03:45,288:DEBUG:certbot.configuration:Var config_dir=/data/certs/letsencrypt (set by user).
2025-07-29 07:03:45,289:DEBUG:certbot.configuration:Var work_dir=/data/certs/work (set by user).
2025-07-29 07:03:45,291:DEBUG:certbot.configuration:Var logs_dir=/data/certs/logs (set by user).
2025-07-29 07:03:45,295:DEBUG:certbot.configuration:Var server=https://acme-staging-v02.api.letsencrypt.org/directory (set by user).
2025-07-29 07:03:45,303:DEBUG:certbot._internal.plugins.selection:Requested authenticator dns-cloudflare and installer None
2025-07-29 07:03:45,304:DEBUG:certbot._internal.plugins.selection:Requested authenticator dns-cloudflare and installer None
2025-07-29 07:03:45,306:DEBUG:certbot.configuration:Var dns_cloudflare_credentials=/etc/letsencrypt/credentials/cloudflare.ini (set by user).
2025-07-29 07:03:45,309:DEBUG:certbot._internal.storage:Writing new config /data/certs/letsencrypt/renewal/ozfe-digital.de-0002.conf.
2025-07-29 07:03:45,356:DEBUG:certbot._internal.display.obj:Notifying user: 
Successfully received certificate.
Certificate is saved at: /data/certs/letsencrypt/live/ozfe-digital.de-0002/fullchain.pem
Key is saved at:         /data/certs/letsencrypt/live/ozfe-digital.de-0002/privkey.pem
This certificate expires on 2025-10-27.
These files will be updated when the certificate renews.
2025-07-29 07:03:45,357:DEBUG:certbot._internal.display.obj:Notifying user: NEXT STEPS:
2025-07-29 07:03:45,357:DEBUG:certbot._internal.display.obj:Notifying user: - The certificate will need to be renewed before it expires. Certbot can automatically renew the certificate in the background, but you may need to take steps to enable that functionality. See https://certbot.org/renewal-setup for instructions.
